#
# A fatal error has been detected by the Java Runtime Environment:
#
#  EXCEPTION_STACK_OVERFLOW (0xc00000fd) at pc=0x6d9ba893, pid=17412, tid=21312
#
# JRE version: 6.0_35-b10
# Java VM: Java HotSpot(TM) Client VM (20.10-b01 mixed mode, sharing windows-x86 )
# Problematic frame:
# V  [jvm.dll+0xfa893]
#
# If you would like to submit a bug report, please visit:
#   http://java.sun.com/webapps/bugreport/crash.jsp
#

---------------  T H R E A D  ---------------

Current thread (0x03e46c00):  JavaThread "Java2D Disposer" daemon [_thread_in_vm, id=21312, stack(0x040f0000,0x04140000)]

siginfo: ExceptionCode=0xc00000fd, ExceptionInformation=0x00000001 0x0413db54 

Registers:
EAX=0x00002000, EBX=0x036cd7d8, ECX=0x0413db54, EDX=0x040f6038
ESP=0x0413fb60, EBP=0x0413fbbc, ESI=0x00000002, EDI=0x0413fb54
EIP=0x6d9ba893, EFLAGS=0x00010202

Top of Stack: (sp=0x0413fb60)
0x0413fb60:   036cd7e8 03e46c00 6d9bb013 036cd7d8
0x0413fb70:   03e46c00 00000000 0413fbbc 6d90d0a1
0x0413fb80:   036cd7dc 036cd7e0 036cd7e4 036cd7e8
0x0413fb90:   00000005 03e46c00 036cd7dc 03e46c00
0x0413fba0:   00000000 00000000 000000a0 00000000
0x0413fbb0:   0413fce4 0000000a 036cd7d8 0413fc00
0x0413fbc0:   6da4c901 0413fcdc 0013fc58 0413fc5c
0x0413fbd0:   01659290 036cd7d8 03e46c00 00000000 

Instructions: (pc=0x6d9ba893)
0x6d9ba873:   89 1b 04 00 8b f8 a1 30 5f b2 6d be 01 00 00 00
0x6d9ba883:   3b c6 7c 1c e8 54 2d 04 00 0f af c6 8b cf 2b c8
0x6d9ba893:   c7 01 00 00 00 00 a1 30 5f b2 6d 46 3b f0 7e e4
0x6d9ba8a3:   5f 5e c3 cc cc cc cc cc cc cc cc cc cc 55 8b ec 


Register to memory mapping:

EAX=0x00002000 is an unknown value
EBX=0x036cd7d8 is an unknown value
ECX=0x0413db54 is pointing into the stack for thread: 0x03e46c00
EDX=0x040f6038 is pointing into the stack for thread: 0x03e46c00
ESP=0x0413fb60 is pointing into the stack for thread: 0x03e46c00
EBP=0x0413fbbc is pointing into the stack for thread: 0x03e46c00
ESI=0x00000002 is an unknown value
EDI=0x0413fb54 is pointing into the stack for thread: 0x03e46c00


Stack: [0x040f0000,0x04140000],  sp=0x0413fb60,  free space=318k
Native frames: (J=compiled Java code, j=interpreted, Vv=VM code, C=native code)
V  [jvm.dll+0xfa893]
V  [jvm.dll+0x18c901]
V  [jvm.dll+0xfb201]
V  [jvm.dll+0xfb25b]
V  [jvm.dll+0xb5619]
V  [jvm.dll+0x119334]
V  [jvm.dll+0x14158c]
C  [msvcr71.dll+0x9565]
C  [KERNEL32.DLL+0x41a8]
C  [ntdll.dll+0x528e1]
C  [ntdll.dll+0x528af]


---------------  P R O C E S S  ---------------

Java Threads: ( => current thread )
  0x03e47c00 JavaThread "AWT-Windows" daemon [_thread_in_native, id=21012, stack(0x04190000,0x041e0000)]
  0x03e47400 JavaThread "AWT-Shutdown" [_thread_blocked, id=21324, stack(0x04140000,0x04190000)]
=>0x03e46c00 JavaThread "Java2D Disposer" daemon [_thread_in_vm, id=21312, stack(0x040f0000,0x04140000)]
  0x036c7000 JavaThread "Low Memory Detector" daemon [_thread_blocked, id=19944, stack(0x03930000,0x03980000)]
  0x036b8000 JavaThread "C1 CompilerThread0" daemon [_thread_blocked, id=19920, stack(0x038e0000,0x03930000)]
  0x036b7000 JavaThread "Attach Listener" daemon [_thread_blocked, id=19924, stack(0x03890000,0x038e0000)]
  0x036b5000 JavaThread "Signal Dispatcher" daemon [_thread_blocked, id=19928, stack(0x03840000,0x03890000)]
  0x036ac800 JavaThread "Finalizer" daemon [_thread_blocked, id=19820, stack(0x037f0000,0x03840000)]
  0x036ab000 JavaThread "Reference Handler" daemon [_thread_blocked, id=19800, stack(0x037a0000,0x037f0000)]
  0x003a9000 JavaThread "main" [_thread_blocked, id=19744, stack(0x01170000,0x011c0000)]

Other Threads:
  0x0366f000 VMThread [stack: 0x03750000,0x037a0000] [id=19452]
  0x036cc400 WatcherThread [stack: 0x03980000,0x039d0000] [id=19964]

VM state:not at safepoint (normal execution)

VM Mutex/Monitor currently owned by a thread: None

Heap
 def new generation   total 4928K, used 922K [0x23780000, 0x23cd0000, 0x28cd0000)
  eden space 4416K,  20% used [0x23780000, 0x23866868, 0x23bd0000)
  from space 512K,   0% used [0x23bd0000, 0x23bd0000, 0x23c50000)
  to   space 512K,   0% used [0x23c50000, 0x23c50000, 0x23cd0000)
 tenured generation   total 10944K, used 0K [0x28cd0000, 0x29780000, 0x33780000)
   the space 10944K,   0% used [0x28cd0000, 0x28cd0000, 0x28cd0200, 0x29780000)
 compacting perm gen  total 12288K, used 195K [0x33780000, 0x34380000, 0x37780000)
   the space 12288K,   1% used [0x33780000, 0x337b0fd0, 0x337b1000, 0x34380000)
    ro space 10240K,  55% used [0x37780000, 0x37d00f00, 0x37d01000, 0x38180000)
    rw space 12288K,  55% used [0x38180000, 0x388242f0, 0x38824400, 0x38d80000)

Code Cache  [0x01650000, 0x016d0000, 0x03650000)
 total_blobs=179 nmethods=23 adapters=93 free_code_cache=33056320 largest_free_block=0

Dynamic libraries:
0x00400000 - 0x00425000 	C:\Program Files\Java\jdk1.6.0_35\bin\javaw.exe
0x776d0000 - 0x7783a000 	C:\Windows\SYSTEM32\ntdll.dll
0x77130000 - 0x77231000 	C:\Windows\system32\KERNEL32.DLL
0x751f0000 - 0x752c8000 	C:\Windows\system32\KERNELBASE.dll
0x73da0000 - 0x73e40000 	C:\Windows\system32\apphelp.dll
0x60c40000 - 0x60ea2000 	C:\Windows\AppPatch\AcGenral.DLL
0x77250000 - 0x77313000 	C:\Windows\system32\msvcrt.dll
0x75480000 - 0x754c1000 	C:\Windows\SYSTEM32\sechost.dll
0x75180000 - 0x751a4000 	C:\Windows\system32\SspiCli.dll
0x76ef0000 - 0x76f35000 	C:\Windows\system32\SHLWAPI.dll
0x73e80000 - 0x73f6e000 	C:\Windows\SYSTEM32\UxTheme.dll
0x77340000 - 0x77495000 	C:\Windows\system32\USER32.dll
0x75360000 - 0x75471000 	C:\Windows\system32\GDI32.dll
0x676d0000 - 0x676f3000 	C:\Windows\SYSTEM32\WINMM.dll
0x6e4f0000 - 0x6e503000 	C:\Windows\SYSTEM32\samcli.dll
0x76920000 - 0x76a49000 	C:\Windows\system32\ole32.dll
0x76a50000 - 0x76ae7000 	C:\Windows\system32\OLEAUT32.dll
0x73590000 - 0x735a7000 	C:\Windows\SYSTEM32\MSACM32.dll
0x6f9b0000 - 0x6f9b8000 	C:\Windows\SYSTEM32\VERSION.dll
0x755c0000 - 0x7687b000 	C:\Windows\system32\SHELL32.dll
0x745f0000 - 0x7460b000 	C:\Windows\SYSTEM32\USERENV.dll
0x73600000 - 0x7361a000 	C:\Windows\SYSTEM32\dwmapi.dll
0x6f400000 - 0x6f555000 	C:\Windows\SYSTEM32\urlmon.dll
0x770b0000 - 0x7712e000 	C:\Windows\system32\ADVAPI32.dll
0x6f940000 - 0x6f9a6000 	C:\Windows\SYSTEM32\WINSPOOL.DRV
0x66650000 - 0x66666000 	C:\Windows\SYSTEM32\MPR.dll
0x76e20000 - 0x76eee000 	C:\Windows\system32\RPCRT4.dll
0x76ca0000 - 0x76e1d000 	C:\Windows\SYSTEM32\combase.dll
0x676a0000 - 0x676c3000 	C:\Windows\SYSTEM32\WINMMBASE.dll
0x74e30000 - 0x74e3f000 	C:\Windows\SYSTEM32\profapi.dll
0x72de0000 - 0x72df4000 	C:\Windows\SYSTEM32\NETAPI32.dll
0x75530000 - 0x755bc000 	C:\Windows\SYSTEM32\shcore.dll
0x6f050000 - 0x6f289000 	C:\Windows\SYSTEM32\iertutil.dll
0x6ec10000 - 0x6f047000 	C:\Windows\SYSTEM32\WININET.dll
0x751b0000 - 0x751ec000 	C:\Windows\SYSTEM32\cfgmgr32.dll
0x73fc0000 - 0x73fe1000 	C:\Windows\SYSTEM32\DEVOBJ.dll
0x74330000 - 0x7433a000 	C:\Windows\SYSTEM32\netutils.dll
0x74b60000 - 0x74b7d000 	C:\Windows\SYSTEM32\srvcli.dll
0x721a0000 - 0x721b2000 	C:\Windows\SYSTEM32\wkscli.dll
0x74a70000 - 0x74a90000 	C:\Windows\SYSTEM32\bcrypt.dll
0x76c60000 - 0x76c86000 	C:\Windows\system32\IMM32.DLL
0x76af0000 - 0x76c02000 	C:\Windows\system32\MSCTF.dll
0x7c340000 - 0x7c396000 	C:\Program Files\Java\jdk1.6.0_35\jre\bin\msvcr71.dll
0x6d8c0000 - 0x6db6f000 	C:\Program Files\Java\jdk1.6.0_35\jre\bin\client\jvm.dll
0x6d870000 - 0x6d87c000 	C:\Program Files\Java\jdk1.6.0_35\jre\bin\verify.dll
0x6d3d0000 - 0x6d3ef000 	C:\Program Files\Java\jdk1.6.0_35\jre\bin\java.dll
0x6d8b0000 - 0x6d8bf000 	C:\Program Files\Java\jdk1.6.0_35\jre\bin\zip.dll
0x6d0b0000 - 0x6d1fc000 	C:\Program Files\Java\jdk1.6.0_35\jre\bin\awt.dll
0x72eb0000 - 0x730b7000 	C:\Windows\WinSxS\x86_microsoft.windows.common-controls_6595b64144ccf1df_6.0.9600.19394_none_a9f59c4f01325ed5\COMCTL32.dll
0x77500000 - 0x77506000 	C:\Windows\system32\PSAPI.DLL

VM Arguments:
jvm_args: -Dfile.encoding=Cp1252 
java_command: com.payroll.view.Payroll
Launcher Type: SUN_STANDARD

Environment Variables:
JAVA_HOME=C:\Program Files\Java\jdk1.6.0_35
PATH=C:/Program Files/Java/jre1.8.0_131/bin/client;C:/Program Files/Java/jre1.8.0_131/bin;C:/Program Files/Java/jre1.8.0_131/lib/i386;C:\ProgramData\Oracle\Java\javapath;C:\Windows\system32;C:\Windows;C:\Windows\System32\Wbem;C:\Windows\System32\WindowsPowerShell\v1.0\;C:\Program Files\PuTTY\;C:\Program Files\MySQL\MySQL Server 5.1\bin;C:\Program Files\Git\cmd;;C:\Users\GajrajSingh\AppData\Local\Programs\Microsoft VS Code\bin;C:\eclipse_juno;
USERNAME=GajrajSingh
OS=Windows_NT
PROCESSOR_IDENTIFIER=x86 Family 6 Model 94 Stepping 3, GenuineIntel



---------------  S Y S T E M  ---------------

OS: Windows NT 6.2 Build 9200 

CPU:total 4 (2 cores per cpu, 2 threads per core) family 6 model 94 stepping 3, cmov, cx8, fxsr, mmx, sse, sse2, sse3, ssse3, sse4.1, sse4.2, popcnt, ht

Memory: 4k page, physical 3188384k(143788k free), swap 6334112k(5480k free)

vm_info: Java HotSpot(TM) Client VM (20.10-b01) for windows-x86 JRE (1.6.0_35-b10), built on Aug 28 2012 17:31:51 by "java_re" with MS VC++ 7.1 (VS2003)

time: Mon Apr 29 17:52:15 2024
elapsed time: 1 seconds

